<?xml version="1.0" encoding="UTF-8"?>
<testng-results skipped="0" failed="0" ignored="0" total="1" passed="1">
  <reporter-output>
  </reporter-output>
  <suite name="Default suite" duration-ms="62" started-at="2019-05-30T05:08:14Z" finished-at="2019-05-30T05:08:14Z">
    <groups>
    </groups>
    <test name="Default test" duration-ms="62" started-at="2019-05-30T05:08:14Z" finished-at="2019-05-30T05:08:14Z">
      <class name="com.class01.test">
        <test-method status="PASS" signature="testDemo()[pri:0, instance:com.class01.test@28feb3fa]" name="testDemo" duration-ms="13" started-at="2019-05-30T05:08:14Z" finished-at="2019-05-30T05:08:14Z">
          <reporter-output>
          </reporter-output>
        </test-method> <!-- testDemo -->
      </class> <!-- com.class01.test -->
    </test> <!-- Default test -->
  </suite> <!-- Default suite -->
</testng-results>
